<?xml version="1.0" encoding="UTF-8"?>
<testng-results skipped="0" failed="0" ignored="0" total="0" passed="0">
  <reporter-output>
  </reporter-output>
  <suite name="ui.api.framework.AppTest" duration-ms="3" started-at="2018-08-14T09:43:59Z" finished-at="2018-08-14T09:43:59Z">
    <groups>
    </groups>
    <test name="Command line test" duration-ms="3" started-at="2018-08-14T09:43:59Z" finished-at="2018-08-14T09:43:59Z">
    </test> <!-- Command line test -->
  </suite> <!-- ui.api.framework.AppTest -->
</testng-results>
