<?xml version="1.0" encoding="UTF-8"?>
<testng-results skipped="0" failed="0" ignored="0" total="2" passed="2">
  <reporter-output>
  </reporter-output>
  <suite name="Suite" duration-ms="28017" started-at="2018-08-19T16:51:03Z" finished-at="2018-08-19T16:51:31Z">
    <groups>
    </groups>
    <test name="Test1" duration-ms="28017" started-at="2018-08-19T16:51:03Z" finished-at="2018-08-19T16:51:31Z">
      <class name="ui.api.frameworkTest.BasicTest">
        <test-method status="PASS" signature="test2()[pri:0, instance:ui.api.frameworkTest.BasicTest@3e2e18f2]" name="test2" duration-ms="18609" started-at="2018-08-19T16:51:03Z" finished-at="2018-08-19T16:51:22Z">
          <reporter-output>
          </reporter-output>
        </test-method> <!-- test2 -->
        <test-method status="PASS" signature="test1()[pri:0, instance:ui.api.frameworkTest.BasicTest@3e2e18f2]" name="test1" duration-ms="27994" started-at="2018-08-19T16:51:03Z" finished-at="2018-08-19T16:51:31Z">
          <reporter-output>
          </reporter-output>
        </test-method> <!-- test1 -->
      </class> <!-- ui.api.frameworkTest.BasicTest -->
    </test> <!-- Test1 -->
  </suite> <!-- Suite -->
</testng-results>
